<?xml version="1.0" encoding="UTF-8"?>
<testng-results ignored="0" total="1" passed="1" failed="0" skipped="0">
  <reporter-output>
  </reporter-output>
  <suite started-at="2022-07-29T16:13:16 IST" name="Default suite" finished-at="2022-07-29T16:13:22 IST" duration-ms="6044">
    <groups>
    </groups>
    <test started-at="2022-07-29T16:13:16 IST" name="Default test" finished-at="2022-07-29T16:13:22 IST" duration-ms="6044">
      <class name="loginTest.TC_001">
        <test-method is-config="true" signature="m1()[pri:0, instance:loginTest.TC_001@50eac852]" started-at="2022-07-29T16:13:14 IST" name="m1" finished-at="2022-07-29T16:13:16 IST" duration-ms="1131" status="PASS">
          <reporter-output>
          </reporter-output>
        </test-method> <!-- m1 -->
        <test-method is-config="true" signature="BM()[pri:0, instance:loginTest.TC_001@50eac852]" started-at="2022-07-29T16:13:16 IST" name="BM" finished-at="2022-07-29T16:13:21 IST" duration-ms="5360" status="PASS">
          <reporter-output>
          </reporter-output>
        </test-method> <!-- BM -->
        <test-method signature="Test()[pri:0, instance:loginTest.TC_001@50eac852]" started-at="2022-07-29T16:13:21 IST" name="Test" finished-at="2022-07-29T16:13:21 IST" duration-ms="404" status="PASS">
          <reporter-output>
          </reporter-output>
        </test-method> <!-- Test -->
        <test-method is-config="true" signature="AF()[pri:0, instance:loginTest.TC_001@50eac852]" started-at="2022-07-29T16:13:21 IST" name="AF" finished-at="2022-07-29T16:13:22 IST" duration-ms="234" status="PASS">
          <reporter-output>
          </reporter-output>
        </test-method> <!-- AF -->
      </class> <!-- loginTest.TC_001 -->
    </test> <!-- Default test -->
  </suite> <!-- Default suite -->
</testng-results>
